25 Jul 2019 15:17:36,105 ERROR [][qtp234845801-43] AtRequestSender - Error while sending message to application or application may not available for given port
org.apache.cxf.jaxrs.client.ClientWebApplicationException: org.apache.cxf.jaxrs.client.ClientWebApplicationException: org.apache.cxf.interceptor.Fault: Could not send Message.
	at org.apache.cxf.jaxrs.client.WebClient.doChainedInvocation(WebClient.java:807)
	at org.apache.cxf.jaxrs.client.WebClient.doInvoke(WebClient.java:743)
	at org.apache.cxf.jaxrs.client.WebClient.doInvoke(WebClient.java:717)
	at org.apache.cxf.jaxrs.client.WebClient.invoke(WebClient.java:262)
	at org.apache.cxf.jaxrs.client.WebClient.post(WebClient.java:271)
	at hms.kite.simulator.rest.AtRequestSender.makeRestCallToHTTP(AtRequestSender.java:89)
	at hms.kite.simulator.rest.AtRequestSender.sendMessage(AtRequestSender.java:51)
	at hms.kite.simulator.sms.SmsMessageSender.sendMessage(SmsMessageSender.java:44)
	at hms.kite.simulator.webui.ui.services.impl.SmsNcsService.sendMessage(SmsNcsService.java:37)
	at hms.kite.simulator.webui.ui.tab.impl.TabViewSmsImpl$2.buttonClick(TabViewSmsImpl.java:125)
	at java.base/jdk.internal.reflect.NativeMethodAccessorImpl.invoke0(Native Method)
	at java.base/jdk.internal.reflect.NativeMethodAccessorImpl.invoke(NativeMethodAccessorImpl.java:62)
	at java.base/jdk.internal.reflect.DelegatingMethodAccessorImpl.invoke(DelegatingMethodAccessorImpl.java:43)
	at java.base/java.lang.reflect.Method.invoke(Method.java:566)
	at com.vaadin.event.ListenerMethod.receiveEvent(ListenerMethod.java:490)
	at com.vaadin.event.EventRouter.fireEvent(EventRouter.java:162)
	at com.vaadin.ui.AbstractComponent.fireEvent(AbstractComponent.java:1166)
	at com.vaadin.ui.Button.fireClick(Button.java:380)
	at com.vaadin.ui.Button.changeVariables(Button.java:196)
	at com.vaadin.terminal.gwt.server.AbstractCommunicationManager.handleVariableBurst(AbstractCommunicationManager.java:1297)
	at com.vaadin.terminal.gwt.server.AbstractCommunicationManager.handleVariables(AbstractCommunicationManager.java:1217)
	at com.vaadin.terminal.gwt.server.AbstractCommunicationManager.doHandleUidlRequest(AbstractCommunicationManager.java:733)
	at com.vaadin.terminal.gwt.server.CommunicationManager.handleUidlRequest(CommunicationManager.java:296)
	at com.vaadin.terminal.gwt.server.AbstractApplicationServlet.service(AbstractApplicationServlet.java:483)
	at javax.servlet.http.HttpServlet.service(HttpServlet.java:847)
	at org.eclipse.jetty.servlet.ServletHolder.handle(ServletHolder.java:550)
	at org.eclipse.jetty.servlet.ServletHandler.doHandle(ServletHandler.java:486)
	at org.eclipse.jetty.server.handler.ScopedHandler.handle(ScopedHandler.java:119)
	at org.eclipse.jetty.security.SecurityHandler.handle(SecurityHandler.java:517)
	at org.eclipse.jetty.server.session.SessionHandler.doHandle(SessionHandler.java:229)
	at org.eclipse.jetty.server.handler.ContextHandler.doHandle(ContextHandler.java:970)
	at org.eclipse.jetty.servlet.ServletHandler.doScope(ServletHandler.java:414)
	at org.eclipse.jetty.server.session.SessionHandler.doScope(SessionHandler.java:187)
	at org.eclipse.jetty.server.handler.ContextHandler.doScope(ContextHandler.java:904)
	at org.eclipse.jetty.server.handler.ScopedHandler.handle(ScopedHandler.java:117)
	at org.eclipse.jetty.server.handler.HandlerWrapper.handle(HandlerWrapper.java:110)
	at org.eclipse.jetty.server.Server.handle(Server.java:347)
	at org.eclipse.jetty.server.HttpConnection.handleRequest(HttpConnection.java:590)
	at org.eclipse.jetty.server.HttpConnection$RequestHandler.content(HttpConnection.java:1071)
	at org.eclipse.jetty.http.HttpParser.parseNext(HttpParser.java:823)
	at org.eclipse.jetty.http.HttpParser.parseAvailable(HttpParser.java:220)
	at org.eclipse.jetty.server.HttpConnection.handle(HttpConnection.java:411)
	at org.eclipse.jetty.io.nio.SelectChannelEndPoint.handle(SelectChannelEndPoint.java:535)
	at org.eclipse.jetty.io.nio.SelectChannelEndPoint$1.run(SelectChannelEndPoint.java:40)
	at org.eclipse.jetty.util.thread.QueuedThreadPool$3.run(QueuedThreadPool.java:529)
	at java.base/java.lang.Thread.run(Thread.java:834)
Caused by: org.apache.cxf.jaxrs.client.ClientWebApplicationException: org.apache.cxf.interceptor.Fault: Could not send Message.
	at org.apache.cxf.jaxrs.client.AbstractClient.checkClientException(AbstractClient.java:501)
	at org.apache.cxf.jaxrs.client.AbstractClient.preProcessResult(AbstractClient.java:488)
	at org.apache.cxf.jaxrs.client.WebClient.doChainedInvocation(WebClient.java:800)
	... 45 more
Caused by: org.apache.cxf.interceptor.Fault: Could not send Message.
	at org.apache.cxf.interceptor.MessageSenderInterceptor$MessageSenderEndingInterceptor.handleMessage(MessageSenderInterceptor.java:64)
	at org.apache.cxf.phase.PhaseInterceptorChain.doIntercept(PhaseInterceptorChain.java:262)
	at org.apache.cxf.jaxrs.client.WebClient.doChainedInvocation(WebClient.java:795)
	... 45 more
Caused by: java.net.ConnectException: ConnectException invoking http://localhost:5556/mo-receiver: Connection refused (Connection refused)
	at java.base/jdk.internal.reflect.NativeConstructorAccessorImpl.newInstance0(Native Method)
	at java.base/jdk.internal.reflect.NativeConstructorAccessorImpl.newInstance(NativeConstructorAccessorImpl.java:62)
	at java.base/jdk.internal.reflect.DelegatingConstructorAccessorImpl.newInstance(DelegatingConstructorAccessorImpl.java:45)
	at java.base/java.lang.reflect.Constructor.newInstance(Constructor.java:490)
	at org.apache.cxf.transport.http.HTTPConduit$WrappedOutputStream.mapException(HTTPConduit.java:1457)
	at org.apache.cxf.transport.http.HTTPConduit$WrappedOutputStream.close(HTTPConduit.java:1442)
	at org.apache.cxf.transport.AbstractConduit.close(AbstractConduit.java:56)
	at org.apache.cxf.transport.http.HTTPConduit.close(HTTPConduit.java:658)
	at org.apache.cxf.interceptor.MessageSenderInterceptor$MessageSenderEndingInterceptor.handleMessage(MessageSenderInterceptor.java:62)
	... 47 more
Caused by: java.net.ConnectException: Connection refused (Connection refused)
	at java.base/java.net.PlainSocketImpl.socketConnect(Native Method)
	at java.base/java.net.AbstractPlainSocketImpl.doConnect(AbstractPlainSocketImpl.java:399)
	at java.base/java.net.AbstractPlainSocketImpl.connectToAddress(AbstractPlainSocketImpl.java:242)
	at java.base/java.net.AbstractPlainSocketImpl.connect(AbstractPlainSocketImpl.java:224)
	at java.base/java.net.Socket.connect(Socket.java:591)
	at java.base/sun.net.NetworkClient.doConnect(NetworkClient.java:177)
	at java.base/sun.net.www.http.HttpClient.openServer(HttpClient.java:474)
	at java.base/sun.net.www.http.HttpClient.openServer(HttpClient.java:569)
	at java.base/sun.net.www.http.HttpClient.<init>(HttpClient.java:242)
	at java.base/sun.net.www.http.HttpClient.New(HttpClient.java:341)
	at java.base/sun.net.www.http.HttpClient.New(HttpClient.java:362)
	at java.base/sun.net.www.protocol.http.HttpURLConnection.getNewHttpClient(HttpURLConnection.java:1242)
	at java.base/sun.net.www.protocol.http.HttpURLConnection.plainConnect0(HttpURLConnection.java:1181)
	at java.base/sun.net.www.protocol.http.HttpURLConnection.plainConnect(HttpURLConnection.java:1075)
	at java.base/sun.net.www.protocol.http.HttpURLConnection.connect(HttpURLConnection.java:1009)
	at java.base/sun.net.www.protocol.http.HttpURLConnection.getOutputStream0(HttpURLConnection.java:1356)
	at java.base/sun.net.www.protocol.http.HttpURLConnection.getOutputStream(HttpURLConnection.java:1331)
	at org.apache.cxf.transport.http.HTTPConduit$WrappedOutputStream.handleHeadersTrustCaching(HTTPConduit.java:1394)
	at org.apache.cxf.transport.http.HTTPConduit$WrappedOutputStream.onFirstWrite(HTTPConduit.java:1336)
	at org.apache.cxf.io.AbstractWrappedOutputStream.write(AbstractWrappedOutputStream.java:42)
	at org.apache.cxf.io.AbstractThresholdOutputStream.write(AbstractThresholdOutputStream.java:69)
	at org.apache.cxf.transport.http.HTTPConduit$WrappedOutputStream.close(HTTPConduit.java:1414)
	... 50 more
25 Jul 2019 15:18:36,655 ERROR [][qtp234845801-43] JAXRSClientFactoryBean - java.lang.IllegalArgumentException : Illegal character in path at index 22: http://localhost:7000/ subscription/send
25 Jul 2019 15:18:36,655 ERROR [][qtp234845801-43] AtRequestSender - Error while sending message to application or application may not available for given port
java.lang.RuntimeException: java.lang.IllegalArgumentException: Illegal character in path at index 22: http://localhost:7000/ subscription/send
	at org.apache.cxf.jaxrs.client.JAXRSClientFactoryBean.createWebClient(JAXRSClientFactoryBean.java:217)
	at org.apache.cxf.jaxrs.client.WebClient.create(WebClient.java:143)
	at org.apache.cxf.jaxrs.client.WebClient.create(WebClient.java:116)
	at hms.kite.simulator.rest.AtRequestSender.makeRestCallToHTTP(AtRequestSender.java:85)
	at hms.kite.simulator.rest.AtRequestSender.sendMessage(AtRequestSender.java:51)
	at hms.kite.simulator.sms.SmsMessageSender.sendMessage(SmsMessageSender.java:44)
	at hms.kite.simulator.webui.ui.services.impl.SmsNcsService.sendMessage(SmsNcsService.java:37)
	at hms.kite.simulator.webui.ui.tab.impl.TabViewSmsImpl$2.buttonClick(TabViewSmsImpl.java:125)
	at java.base/jdk.internal.reflect.NativeMethodAccessorImpl.invoke0(Native Method)
	at java.base/jdk.internal.reflect.NativeMethodAccessorImpl.invoke(NativeMethodAccessorImpl.java:62)
	at java.base/jdk.internal.reflect.DelegatingMethodAccessorImpl.invoke(DelegatingMethodAccessorImpl.java:43)
	at java.base/java.lang.reflect.Method.invoke(Method.java:566)
	at com.vaadin.event.ListenerMethod.receiveEvent(ListenerMethod.java:490)
	at com.vaadin.event.EventRouter.fireEvent(EventRouter.java:162)
	at com.vaadin.ui.AbstractComponent.fireEvent(AbstractComponent.java:1166)
	at com.vaadin.ui.Button.fireClick(Button.java:380)
	at com.vaadin.ui.Button.changeVariables(Button.java:196)
	at com.vaadin.terminal.gwt.server.AbstractCommunicationManager.handleVariableBurst(AbstractCommunicationManager.java:1297)
	at com.vaadin.terminal.gwt.server.AbstractCommunicationManager.handleVariables(AbstractCommunicationManager.java:1217)
	at com.vaadin.terminal.gwt.server.AbstractCommunicationManager.doHandleUidlRequest(AbstractCommunicationManager.java:733)
	at com.vaadin.terminal.gwt.server.CommunicationManager.handleUidlRequest(CommunicationManager.java:296)
	at com.vaadin.terminal.gwt.server.AbstractApplicationServlet.service(AbstractApplicationServlet.java:483)
	at javax.servlet.http.HttpServlet.service(HttpServlet.java:847)
	at org.eclipse.jetty.servlet.ServletHolder.handle(ServletHolder.java:550)
	at org.eclipse.jetty.servlet.ServletHandler.doHandle(ServletHandler.java:486)
	at org.eclipse.jetty.server.handler.ScopedHandler.handle(ScopedHandler.java:119)
	at org.eclipse.jetty.security.SecurityHandler.handle(SecurityHandler.java:517)
	at org.eclipse.jetty.server.session.SessionHandler.doHandle(SessionHandler.java:229)
	at org.eclipse.jetty.server.handler.ContextHandler.doHandle(ContextHandler.java:970)
	at org.eclipse.jetty.servlet.ServletHandler.doScope(ServletHandler.java:414)
	at org.eclipse.jetty.server.session.SessionHandler.doScope(SessionHandler.java:187)
	at org.eclipse.jetty.server.handler.ContextHandler.doScope(ContextHandler.java:904)
	at org.eclipse.jetty.server.handler.ScopedHandler.handle(ScopedHandler.java:117)
	at org.eclipse.jetty.server.handler.HandlerWrapper.handle(HandlerWrapper.java:110)
	at org.eclipse.jetty.server.Server.handle(Server.java:347)
	at org.eclipse.jetty.server.HttpConnection.handleRequest(HttpConnection.java:590)
	at org.eclipse.jetty.server.HttpConnection$RequestHandler.content(HttpConnection.java:1071)
	at org.eclipse.jetty.http.HttpParser.parseNext(HttpParser.java:823)
	at org.eclipse.jetty.http.HttpParser.parseAvailable(HttpParser.java:220)
	at org.eclipse.jetty.server.HttpConnection.handle(HttpConnection.java:411)
	at org.eclipse.jetty.io.nio.SelectChannelEndPoint.handle(SelectChannelEndPoint.java:535)
	at org.eclipse.jetty.io.nio.SelectChannelEndPoint$1.run(SelectChannelEndPoint.java:40)
	at org.eclipse.jetty.util.thread.QueuedThreadPool$3.run(QueuedThreadPool.java:529)
	at java.base/java.lang.Thread.run(Thread.java:834)
Caused by: java.lang.IllegalArgumentException: Illegal character in path at index 22: http://localhost:7000/ subscription/send
	at java.base/java.net.URI.create(URI.java:883)
	at org.apache.cxf.jaxrs.client.WebClient.<init>(WebClient.java:73)
	at org.apache.cxf.jaxrs.client.JAXRSClientFactoryBean.createWebClient(JAXRSClientFactoryBean.java:208)
	... 43 more
Caused by: java.net.URISyntaxException: Illegal character in path at index 22: http://localhost:7000/ subscription/send
	at java.base/java.net.URI$Parser.fail(URI.java:2915)
	at java.base/java.net.URI$Parser.checkChars(URI.java:3086)
	at java.base/java.net.URI$Parser.parseHierarchical(URI.java:3168)
	at java.base/java.net.URI$Parser.parse(URI.java:3116)
	at java.base/java.net.URI.<init>(URI.java:600)
	at java.base/java.net.URI.create(URI.java:881)
	... 45 more
25 Jul 2019 15:41:08,434 ERROR [][qtp234845801-40] AtRequestSender - Error while sending message to application or application may not available for given port
org.apache.cxf.jaxrs.client.ClientWebApplicationException: org.apache.cxf.jaxrs.client.ClientWebApplicationException: org.apache.cxf.interceptor.Fault: Could not send Message.
	at org.apache.cxf.jaxrs.client.WebClient.doChainedInvocation(WebClient.java:807)
	at org.apache.cxf.jaxrs.client.WebClient.doInvoke(WebClient.java:743)
	at org.apache.cxf.jaxrs.client.WebClient.doInvoke(WebClient.java:717)
	at org.apache.cxf.jaxrs.client.WebClient.invoke(WebClient.java:262)
	at org.apache.cxf.jaxrs.client.WebClient.post(WebClient.java:271)
	at hms.kite.simulator.rest.AtRequestSender.makeRestCallToHTTP(AtRequestSender.java:89)
	at hms.kite.simulator.rest.AtRequestSender.sendMessage(AtRequestSender.java:51)
	at hms.kite.simulator.sms.SmsMessageSender.sendMessage(SmsMessageSender.java:44)
	at hms.kite.simulator.webui.ui.services.impl.SmsNcsService.sendMessage(SmsNcsService.java:37)
	at hms.kite.simulator.webui.ui.tab.impl.TabViewSmsImpl$2.buttonClick(TabViewSmsImpl.java:125)
	at java.base/jdk.internal.reflect.NativeMethodAccessorImpl.invoke0(Native Method)
	at java.base/jdk.internal.reflect.NativeMethodAccessorImpl.invoke(NativeMethodAccessorImpl.java:62)
	at java.base/jdk.internal.reflect.DelegatingMethodAccessorImpl.invoke(DelegatingMethodAccessorImpl.java:43)
	at java.base/java.lang.reflect.Method.invoke(Method.java:566)
	at com.vaadin.event.ListenerMethod.receiveEvent(ListenerMethod.java:490)
	at com.vaadin.event.EventRouter.fireEvent(EventRouter.java:162)
	at com.vaadin.ui.AbstractComponent.fireEvent(AbstractComponent.java:1166)
	at com.vaadin.ui.Button.fireClick(Button.java:380)
	at com.vaadin.ui.Button.changeVariables(Button.java:196)
	at com.vaadin.terminal.gwt.server.AbstractCommunicationManager.handleVariableBurst(AbstractCommunicationManager.java:1297)
	at com.vaadin.terminal.gwt.server.AbstractCommunicationManager.handleVariables(AbstractCommunicationManager.java:1217)
	at com.vaadin.terminal.gwt.server.AbstractCommunicationManager.doHandleUidlRequest(AbstractCommunicationManager.java:733)
	at com.vaadin.terminal.gwt.server.CommunicationManager.handleUidlRequest(CommunicationManager.java:296)
	at com.vaadin.terminal.gwt.server.AbstractApplicationServlet.service(AbstractApplicationServlet.java:483)
	at javax.servlet.http.HttpServlet.service(HttpServlet.java:847)
	at org.eclipse.jetty.servlet.ServletHolder.handle(ServletHolder.java:550)
	at org.eclipse.jetty.servlet.ServletHandler.doHandle(ServletHandler.java:486)
	at org.eclipse.jetty.server.handler.ScopedHandler.handle(ScopedHandler.java:119)
	at org.eclipse.jetty.security.SecurityHandler.handle(SecurityHandler.java:517)
	at org.eclipse.jetty.server.session.SessionHandler.doHandle(SessionHandler.java:229)
	at org.eclipse.jetty.server.handler.ContextHandler.doHandle(ContextHandler.java:970)
	at org.eclipse.jetty.servlet.ServletHandler.doScope(ServletHandler.java:414)
	at org.eclipse.jetty.server.session.SessionHandler.doScope(SessionHandler.java:187)
	at org.eclipse.jetty.server.handler.ContextHandler.doScope(ContextHandler.java:904)
	at org.eclipse.jetty.server.handler.ScopedHandler.handle(ScopedHandler.java:117)
	at org.eclipse.jetty.server.handler.HandlerWrapper.handle(HandlerWrapper.java:110)
	at org.eclipse.jetty.server.Server.handle(Server.java:347)
	at org.eclipse.jetty.server.HttpConnection.handleRequest(HttpConnection.java:590)
	at org.eclipse.jetty.server.HttpConnection$RequestHandler.content(HttpConnection.java:1071)
	at org.eclipse.jetty.http.HttpParser.parseNext(HttpParser.java:823)
	at org.eclipse.jetty.http.HttpParser.parseAvailable(HttpParser.java:220)
	at org.eclipse.jetty.server.HttpConnection.handle(HttpConnection.java:411)
	at org.eclipse.jetty.io.nio.SelectChannelEndPoint.handle(SelectChannelEndPoint.java:535)
	at org.eclipse.jetty.io.nio.SelectChannelEndPoint$1.run(SelectChannelEndPoint.java:40)
	at org.eclipse.jetty.util.thread.QueuedThreadPool$3.run(QueuedThreadPool.java:529)
	at java.base/java.lang.Thread.run(Thread.java:834)
Caused by: org.apache.cxf.jaxrs.client.ClientWebApplicationException: org.apache.cxf.interceptor.Fault: Could not send Message.
	at org.apache.cxf.jaxrs.client.AbstractClient.checkClientException(AbstractClient.java:501)
	at org.apache.cxf.jaxrs.client.AbstractClient.preProcessResult(AbstractClient.java:488)
	at org.apache.cxf.jaxrs.client.WebClient.doChainedInvocation(WebClient.java:800)
	... 45 more
Caused by: org.apache.cxf.interceptor.Fault: Could not send Message.
	at org.apache.cxf.interceptor.MessageSenderInterceptor$MessageSenderEndingInterceptor.handleMessage(MessageSenderInterceptor.java:64)
	at org.apache.cxf.phase.PhaseInterceptorChain.doIntercept(PhaseInterceptorChain.java:262)
	at org.apache.cxf.jaxrs.client.WebClient.doChainedInvocation(WebClient.java:795)
	... 45 more
Caused by: java.net.ConnectException: ConnectException invoking http://localhost:8080/Receiver: Connection refused (Connection refused)
	at java.base/jdk.internal.reflect.NativeConstructorAccessorImpl.newInstance0(Native Method)
	at java.base/jdk.internal.reflect.NativeConstructorAccessorImpl.newInstance(NativeConstructorAccessorImpl.java:62)
	at java.base/jdk.internal.reflect.DelegatingConstructorAccessorImpl.newInstance(DelegatingConstructorAccessorImpl.java:45)
	at java.base/java.lang.reflect.Constructor.newInstance(Constructor.java:490)
	at org.apache.cxf.transport.http.HTTPConduit$WrappedOutputStream.mapException(HTTPConduit.java:1457)
	at org.apache.cxf.transport.http.HTTPConduit$WrappedOutputStream.close(HTTPConduit.java:1442)
	at org.apache.cxf.transport.AbstractConduit.close(AbstractConduit.java:56)
	at org.apache.cxf.transport.http.HTTPConduit.close(HTTPConduit.java:658)
	at org.apache.cxf.interceptor.MessageSenderInterceptor$MessageSenderEndingInterceptor.handleMessage(MessageSenderInterceptor.java:62)
	... 47 more
Caused by: java.net.ConnectException: Connection refused (Connection refused)
	at java.base/java.net.PlainSocketImpl.socketConnect(Native Method)
	at java.base/java.net.AbstractPlainSocketImpl.doConnect(AbstractPlainSocketImpl.java:399)
	at java.base/java.net.AbstractPlainSocketImpl.connectToAddress(AbstractPlainSocketImpl.java:242)
	at java.base/java.net.AbstractPlainSocketImpl.connect(AbstractPlainSocketImpl.java:224)
	at java.base/java.net.Socket.connect(Socket.java:591)
	at java.base/sun.net.NetworkClient.doConnect(NetworkClient.java:177)
	at java.base/sun.net.www.http.HttpClient.openServer(HttpClient.java:474)
	at java.base/sun.net.www.http.HttpClient.openServer(HttpClient.java:569)
	at java.base/sun.net.www.http.HttpClient.<init>(HttpClient.java:242)
	at java.base/sun.net.www.http.HttpClient.New(HttpClient.java:341)
	at java.base/sun.net.www.http.HttpClient.New(HttpClient.java:362)
	at java.base/sun.net.www.protocol.http.HttpURLConnection.getNewHttpClient(HttpURLConnection.java:1242)
	at java.base/sun.net.www.protocol.http.HttpURLConnection.plainConnect0(HttpURLConnection.java:1181)
	at java.base/sun.net.www.protocol.http.HttpURLConnection.plainConnect(HttpURLConnection.java:1075)
	at java.base/sun.net.www.protocol.http.HttpURLConnection.connect(HttpURLConnection.java:1009)
	at java.base/sun.net.www.protocol.http.HttpURLConnection.getOutputStream0(HttpURLConnection.java:1356)
	at java.base/sun.net.www.protocol.http.HttpURLConnection.getOutputStream(HttpURLConnection.java:1331)
	at org.apache.cxf.transport.http.HTTPConduit$WrappedOutputStream.handleHeadersTrustCaching(HTTPConduit.java:1394)
	at org.apache.cxf.transport.http.HTTPConduit$WrappedOutputStream.onFirstWrite(HTTPConduit.java:1336)
	at org.apache.cxf.io.AbstractWrappedOutputStream.write(AbstractWrappedOutputStream.java:42)
	at org.apache.cxf.io.AbstractThresholdOutputStream.write(AbstractThresholdOutputStream.java:69)
	at org.apache.cxf.transport.http.HTTPConduit$WrappedOutputStream.close(HTTPConduit.java:1414)
	... 50 more
25 Jul 2019 15:42:50,849 ERROR [][qtp234845801-43] AtRequestSender - Error while sending message to application or application may not available for given port
org.apache.cxf.jaxrs.client.ClientWebApplicationException: org.apache.cxf.jaxrs.client.ClientWebApplicationException: org.apache.cxf.interceptor.Fault: Could not send Message.
	at org.apache.cxf.jaxrs.client.WebClient.doChainedInvocation(WebClient.java:807)
	at org.apache.cxf.jaxrs.client.WebClient.doInvoke(WebClient.java:743)
	at org.apache.cxf.jaxrs.client.WebClient.doInvoke(WebClient.java:717)
	at org.apache.cxf.jaxrs.client.WebClient.invoke(WebClient.java:262)
	at org.apache.cxf.jaxrs.client.WebClient.post(WebClient.java:271)
	at hms.kite.simulator.rest.AtRequestSender.makeRestCallToHTTP(AtRequestSender.java:89)
	at hms.kite.simulator.rest.AtRequestSender.sendMessage(AtRequestSender.java:51)
	at hms.kite.simulator.sms.SmsMessageSender.sendMessage(SmsMessageSender.java:44)
	at hms.kite.simulator.webui.ui.services.impl.SmsNcsService.sendMessage(SmsNcsService.java:37)
	at hms.kite.simulator.webui.ui.tab.impl.TabViewSmsImpl$2.buttonClick(TabViewSmsImpl.java:125)
	at java.base/jdk.internal.reflect.NativeMethodAccessorImpl.invoke0(Native Method)
	at java.base/jdk.internal.reflect.NativeMethodAccessorImpl.invoke(NativeMethodAccessorImpl.java:62)
	at java.base/jdk.internal.reflect.DelegatingMethodAccessorImpl.invoke(DelegatingMethodAccessorImpl.java:43)
	at java.base/java.lang.reflect.Method.invoke(Method.java:566)
	at com.vaadin.event.ListenerMethod.receiveEvent(ListenerMethod.java:490)
	at com.vaadin.event.EventRouter.fireEvent(EventRouter.java:162)
	at com.vaadin.ui.AbstractComponent.fireEvent(AbstractComponent.java:1166)
	at com.vaadin.ui.Button.fireClick(Button.java:380)
	at com.vaadin.ui.Button.changeVariables(Button.java:196)
	at com.vaadin.terminal.gwt.server.AbstractCommunicationManager.handleVariableBurst(AbstractCommunicationManager.java:1297)
	at com.vaadin.terminal.gwt.server.AbstractCommunicationManager.handleVariables(AbstractCommunicationManager.java:1217)
	at com.vaadin.terminal.gwt.server.AbstractCommunicationManager.doHandleUidlRequest(AbstractCommunicationManager.java:733)
	at com.vaadin.terminal.gwt.server.CommunicationManager.handleUidlRequest(CommunicationManager.java:296)
	at com.vaadin.terminal.gwt.server.AbstractApplicationServlet.service(AbstractApplicationServlet.java:483)
	at javax.servlet.http.HttpServlet.service(HttpServlet.java:847)
	at org.eclipse.jetty.servlet.ServletHolder.handle(ServletHolder.java:550)
	at org.eclipse.jetty.servlet.ServletHandler.doHandle(ServletHandler.java:486)
	at org.eclipse.jetty.server.handler.ScopedHandler.handle(ScopedHandler.java:119)
	at org.eclipse.jetty.security.SecurityHandler.handle(SecurityHandler.java:517)
	at org.eclipse.jetty.server.session.SessionHandler.doHandle(SessionHandler.java:229)
	at org.eclipse.jetty.server.handler.ContextHandler.doHandle(ContextHandler.java:970)
	at org.eclipse.jetty.servlet.ServletHandler.doScope(ServletHandler.java:414)
	at org.eclipse.jetty.server.session.SessionHandler.doScope(SessionHandler.java:187)
	at org.eclipse.jetty.server.handler.ContextHandler.doScope(ContextHandler.java:904)
	at org.eclipse.jetty.server.handler.ScopedHandler.handle(ScopedHandler.java:117)
	at org.eclipse.jetty.server.handler.HandlerWrapper.handle(HandlerWrapper.java:110)
	at org.eclipse.jetty.server.Server.handle(Server.java:347)
	at org.eclipse.jetty.server.HttpConnection.handleRequest(HttpConnection.java:590)
	at org.eclipse.jetty.server.HttpConnection$RequestHandler.content(HttpConnection.java:1071)
	at org.eclipse.jetty.http.HttpParser.parseNext(HttpParser.java:823)
	at org.eclipse.jetty.http.HttpParser.parseAvailable(HttpParser.java:220)
	at org.eclipse.jetty.server.HttpConnection.handle(HttpConnection.java:411)
	at org.eclipse.jetty.io.nio.SelectChannelEndPoint.handle(SelectChannelEndPoint.java:535)
	at org.eclipse.jetty.io.nio.SelectChannelEndPoint$1.run(SelectChannelEndPoint.java:40)
	at org.eclipse.jetty.util.thread.QueuedThreadPool$3.run(QueuedThreadPool.java:529)
	at java.base/java.lang.Thread.run(Thread.java:834)
Caused by: org.apache.cxf.jaxrs.client.ClientWebApplicationException: org.apache.cxf.interceptor.Fault: Could not send Message.
	at org.apache.cxf.jaxrs.client.AbstractClient.checkClientException(AbstractClient.java:501)
	at org.apache.cxf.jaxrs.client.AbstractClient.preProcessResult(AbstractClient.java:488)
	at org.apache.cxf.jaxrs.client.WebClient.doChainedInvocation(WebClient.java:800)
	... 45 more
Caused by: org.apache.cxf.interceptor.Fault: Could not send Message.
	at org.apache.cxf.interceptor.MessageSenderInterceptor$MessageSenderEndingInterceptor.handleMessage(MessageSenderInterceptor.java:64)
	at org.apache.cxf.phase.PhaseInterceptorChain.doIntercept(PhaseInterceptorChain.java:262)
	at org.apache.cxf.jaxrs.client.WebClient.doChainedInvocation(WebClient.java:795)
	... 45 more
Caused by: java.net.ConnectException: ConnectException invoking http://localhost:5557/mo-receiver: Connection refused (Connection refused)
	at java.base/jdk.internal.reflect.NativeConstructorAccessorImpl.newInstance0(Native Method)
	at java.base/jdk.internal.reflect.NativeConstructorAccessorImpl.newInstance(NativeConstructorAccessorImpl.java:62)
	at java.base/jdk.internal.reflect.DelegatingConstructorAccessorImpl.newInstance(DelegatingConstructorAccessorImpl.java:45)
	at java.base/java.lang.reflect.Constructor.newInstance(Constructor.java:490)
	at org.apache.cxf.transport.http.HTTPConduit$WrappedOutputStream.mapException(HTTPConduit.java:1457)
	at org.apache.cxf.transport.http.HTTPConduit$WrappedOutputStream.close(HTTPConduit.java:1442)
	at org.apache.cxf.transport.AbstractConduit.close(AbstractConduit.java:56)
	at org.apache.cxf.transport.http.HTTPConduit.close(HTTPConduit.java:658)
	at org.apache.cxf.interceptor.MessageSenderInterceptor$MessageSenderEndingInterceptor.handleMessage(MessageSenderInterceptor.java:62)
	... 47 more
Caused by: java.net.ConnectException: Connection refused (Connection refused)
	at java.base/java.net.PlainSocketImpl.socketConnect(Native Method)
	at java.base/java.net.AbstractPlainSocketImpl.doConnect(AbstractPlainSocketImpl.java:399)
	at java.base/java.net.AbstractPlainSocketImpl.connectToAddress(AbstractPlainSocketImpl.java:242)
	at java.base/java.net.AbstractPlainSocketImpl.connect(AbstractPlainSocketImpl.java:224)
	at java.base/java.net.Socket.connect(Socket.java:591)
	at java.base/sun.net.NetworkClient.doConnect(NetworkClient.java:177)
	at java.base/sun.net.www.http.HttpClient.openServer(HttpClient.java:474)
	at java.base/sun.net.www.http.HttpClient.openServer(HttpClient.java:569)
	at java.base/sun.net.www.http.HttpClient.<init>(HttpClient.java:242)
	at java.base/sun.net.www.http.HttpClient.New(HttpClient.java:341)
	at java.base/sun.net.www.http.HttpClient.New(HttpClient.java:362)
	at java.base/sun.net.www.protocol.http.HttpURLConnection.getNewHttpClient(HttpURLConnection.java:1242)
	at java.base/sun.net.www.protocol.http.HttpURLConnection.plainConnect0(HttpURLConnection.java:1181)
	at java.base/sun.net.www.protocol.http.HttpURLConnection.plainConnect(HttpURLConnection.java:1075)
	at java.base/sun.net.www.protocol.http.HttpURLConnection.connect(HttpURLConnection.java:1009)
	at java.base/sun.net.www.protocol.http.HttpURLConnection.getOutputStream0(HttpURLConnection.java:1356)
	at java.base/sun.net.www.protocol.http.HttpURLConnection.getOutputStream(HttpURLConnection.java:1331)
	at org.apache.cxf.transport.http.HTTPConduit$WrappedOutputStream.handleHeadersTrustCaching(HTTPConduit.java:1394)
	at org.apache.cxf.transport.http.HTTPConduit$WrappedOutputStream.onFirstWrite(HTTPConduit.java:1336)
	at org.apache.cxf.io.AbstractWrappedOutputStream.write(AbstractWrappedOutputStream.java:42)
	at org.apache.cxf.io.AbstractThresholdOutputStream.write(AbstractThresholdOutputStream.java:69)
	at org.apache.cxf.transport.http.HTTPConduit$WrappedOutputStream.close(HTTPConduit.java:1414)
	... 50 more
25 Jul 2019 15:43:45,003 ERROR [][qtp234845801-44] AtRequestSender - Error while sending message to application or application may not available for given port
org.apache.cxf.jaxrs.client.ClientWebApplicationException: org.apache.cxf.jaxrs.client.ClientWebApplicationException: org.apache.cxf.interceptor.Fault: Could not send Message.
	at org.apache.cxf.jaxrs.client.WebClient.doChainedInvocation(WebClient.java:807)
	at org.apache.cxf.jaxrs.client.WebClient.doInvoke(WebClient.java:743)
	at org.apache.cxf.jaxrs.client.WebClient.doInvoke(WebClient.java:717)
	at org.apache.cxf.jaxrs.client.WebClient.invoke(WebClient.java:262)
	at org.apache.cxf.jaxrs.client.WebClient.post(WebClient.java:271)
	at hms.kite.simulator.rest.AtRequestSender.makeRestCallToHTTP(AtRequestSender.java:89)
	at hms.kite.simulator.rest.AtRequestSender.sendMessage(AtRequestSender.java:51)
	at hms.kite.simulator.sms.SmsMessageSender.sendMessage(SmsMessageSender.java:44)
	at hms.kite.simulator.webui.ui.services.impl.SmsNcsService.sendMessage(SmsNcsService.java:37)
	at hms.kite.simulator.webui.ui.tab.impl.TabViewSmsImpl$2.buttonClick(TabViewSmsImpl.java:125)
	at java.base/jdk.internal.reflect.NativeMethodAccessorImpl.invoke0(Native Method)
	at java.base/jdk.internal.reflect.NativeMethodAccessorImpl.invoke(NativeMethodAccessorImpl.java:62)
	at java.base/jdk.internal.reflect.DelegatingMethodAccessorImpl.invoke(DelegatingMethodAccessorImpl.java:43)
	at java.base/java.lang.reflect.Method.invoke(Method.java:566)
	at com.vaadin.event.ListenerMethod.receiveEvent(ListenerMethod.java:490)
	at com.vaadin.event.EventRouter.fireEvent(EventRouter.java:162)
	at com.vaadin.ui.AbstractComponent.fireEvent(AbstractComponent.java:1166)
	at com.vaadin.ui.Button.fireClick(Button.java:380)
	at com.vaadin.ui.Button.changeVariables(Button.java:196)
	at com.vaadin.terminal.gwt.server.AbstractCommunicationManager.handleVariableBurst(AbstractCommunicationManager.java:1297)
	at com.vaadin.terminal.gwt.server.AbstractCommunicationManager.handleVariables(AbstractCommunicationManager.java:1217)
	at com.vaadin.terminal.gwt.server.AbstractCommunicationManager.doHandleUidlRequest(AbstractCommunicationManager.java:733)
	at com.vaadin.terminal.gwt.server.CommunicationManager.handleUidlRequest(CommunicationManager.java:296)
	at com.vaadin.terminal.gwt.server.AbstractApplicationServlet.service(AbstractApplicationServlet.java:483)
	at javax.servlet.http.HttpServlet.service(HttpServlet.java:847)
	at org.eclipse.jetty.servlet.ServletHolder.handle(ServletHolder.java:550)
	at org.eclipse.jetty.servlet.ServletHandler.doHandle(ServletHandler.java:486)
	at org.eclipse.jetty.server.handler.ScopedHandler.handle(ScopedHandler.java:119)
	at org.eclipse.jetty.security.SecurityHandler.handle(SecurityHandler.java:517)
	at org.eclipse.jetty.server.session.SessionHandler.doHandle(SessionHandler.java:229)
	at org.eclipse.jetty.server.handler.ContextHandler.doHandle(ContextHandler.java:970)
	at org.eclipse.jetty.servlet.ServletHandler.doScope(ServletHandler.java:414)
	at org.eclipse.jetty.server.session.SessionHandler.doScope(SessionHandler.java:187)
	at org.eclipse.jetty.server.handler.ContextHandler.doScope(ContextHandler.java:904)
	at org.eclipse.jetty.server.handler.ScopedHandler.handle(ScopedHandler.java:117)
	at org.eclipse.jetty.server.handler.HandlerWrapper.handle(HandlerWrapper.java:110)
	at org.eclipse.jetty.server.Server.handle(Server.java:347)
	at org.eclipse.jetty.server.HttpConnection.handleRequest(HttpConnection.java:590)
	at org.eclipse.jetty.server.HttpConnection$RequestHandler.content(HttpConnection.java:1071)
	at org.eclipse.jetty.http.HttpParser.parseNext(HttpParser.java:823)
	at org.eclipse.jetty.http.HttpParser.parseAvailable(HttpParser.java:220)
	at org.eclipse.jetty.server.HttpConnection.handle(HttpConnection.java:411)
	at org.eclipse.jetty.io.nio.SelectChannelEndPoint.handle(SelectChannelEndPoint.java:535)
	at org.eclipse.jetty.io.nio.SelectChannelEndPoint$1.run(SelectChannelEndPoint.java:40)
	at org.eclipse.jetty.util.thread.QueuedThreadPool$3.run(QueuedThreadPool.java:529)
	at java.base/java.lang.Thread.run(Thread.java:834)
Caused by: org.apache.cxf.jaxrs.client.ClientWebApplicationException: org.apache.cxf.interceptor.Fault: Could not send Message.
	at org.apache.cxf.jaxrs.client.AbstractClient.checkClientException(AbstractClient.java:501)
	at org.apache.cxf.jaxrs.client.AbstractClient.preProcessResult(AbstractClient.java:488)
	at org.apache.cxf.jaxrs.client.WebClient.doChainedInvocation(WebClient.java:800)
	... 45 more
Caused by: org.apache.cxf.interceptor.Fault: Could not send Message.
	at org.apache.cxf.interceptor.MessageSenderInterceptor$MessageSenderEndingInterceptor.handleMessage(MessageSenderInterceptor.java:64)
	at org.apache.cxf.phase.PhaseInterceptorChain.doIntercept(PhaseInterceptorChain.java:262)
	at org.apache.cxf.jaxrs.client.WebClient.doChainedInvocation(WebClient.java:795)
	... 45 more
Caused by: java.net.ConnectException: ConnectException invoking http://localhost:9000/api/books: Connection refused (Connection refused)
	at java.base/jdk.internal.reflect.NativeConstructorAccessorImpl.newInstance0(Native Method)
	at java.base/jdk.internal.reflect.NativeConstructorAccessorImpl.newInstance(NativeConstructorAccessorImpl.java:62)
	at java.base/jdk.internal.reflect.DelegatingConstructorAccessorImpl.newInstance(DelegatingConstructorAccessorImpl.java:45)
	at java.base/java.lang.reflect.Constructor.newInstance(Constructor.java:490)
	at org.apache.cxf.transport.http.HTTPConduit$WrappedOutputStream.mapException(HTTPConduit.java:1457)
	at org.apache.cxf.transport.http.HTTPConduit$WrappedOutputStream.close(HTTPConduit.java:1442)
	at org.apache.cxf.transport.AbstractConduit.close(AbstractConduit.java:56)
	at org.apache.cxf.transport.http.HTTPConduit.close(HTTPConduit.java:658)
	at org.apache.cxf.interceptor.MessageSenderInterceptor$MessageSenderEndingInterceptor.handleMessage(MessageSenderInterceptor.java:62)
	... 47 more
Caused by: java.net.ConnectException: Connection refused (Connection refused)
	at java.base/java.net.PlainSocketImpl.socketConnect(Native Method)
	at java.base/java.net.AbstractPlainSocketImpl.doConnect(AbstractPlainSocketImpl.java:399)
	at java.base/java.net.AbstractPlainSocketImpl.connectToAddress(AbstractPlainSocketImpl.java:242)
	at java.base/java.net.AbstractPlainSocketImpl.connect(AbstractPlainSocketImpl.java:224)
	at java.base/java.net.Socket.connect(Socket.java:591)
	at java.base/sun.net.NetworkClient.doConnect(NetworkClient.java:177)
	at java.base/sun.net.www.http.HttpClient.openServer(HttpClient.java:474)
	at java.base/sun.net.www.http.HttpClient.openServer(HttpClient.java:569)
	at java.base/sun.net.www.http.HttpClient.<init>(HttpClient.java:242)
	at java.base/sun.net.www.http.HttpClient.New(HttpClient.java:341)
	at java.base/sun.net.www.http.HttpClient.New(HttpClient.java:362)
	at java.base/sun.net.www.protocol.http.HttpURLConnection.getNewHttpClient(HttpURLConnection.java:1242)
	at java.base/sun.net.www.protocol.http.HttpURLConnection.plainConnect0(HttpURLConnection.java:1181)
	at java.base/sun.net.www.protocol.http.HttpURLConnection.plainConnect(HttpURLConnection.java:1075)
	at java.base/sun.net.www.protocol.http.HttpURLConnection.connect(HttpURLConnection.java:1009)
	at java.base/sun.net.www.protocol.http.HttpURLConnection.getOutputStream0(HttpURLConnection.java:1356)
	at java.base/sun.net.www.protocol.http.HttpURLConnection.getOutputStream(HttpURLConnection.java:1331)
	at org.apache.cxf.transport.http.HTTPConduit$WrappedOutputStream.handleHeadersTrustCaching(HTTPConduit.java:1394)
	at org.apache.cxf.transport.http.HTTPConduit$WrappedOutputStream.onFirstWrite(HTTPConduit.java:1336)
	at org.apache.cxf.io.AbstractWrappedOutputStream.write(AbstractWrappedOutputStream.java:42)
	at org.apache.cxf.io.AbstractThresholdOutputStream.write(AbstractThresholdOutputStream.java:69)
	at org.apache.cxf.transport.http.HTTPConduit$WrappedOutputStream.close(HTTPConduit.java:1414)
	... 50 more
