25 Jul 2019 18:35:39,954 WARN  [][qtp193597741-25] JsonBodyProvider - Null value received no way to parse this.
25 Jul 2019 18:35:39,958 ERROR [][qtp193597741-25] AbstractFaultChainInitiatorObserver - Error occurred during error handling, give up!
org.apache.cxf.interceptor.Fault
	at org.apache.cxf.service.invoker.AbstractInvoker.createFault(AbstractInvoker.java:162)
	at org.apache.cxf.service.invoker.AbstractInvoker.invoke(AbstractInvoker.java:128)
	at org.apache.cxf.jaxrs.JAXRSInvoker.invoke(JAXRSInvoker.java:167)
	at org.apache.cxf.jaxrs.JAXRSInvoker.invoke(JAXRSInvoker.java:94)
	at org.apache.cxf.interceptor.ServiceInvokerInterceptor$1.run(ServiceInvokerInterceptor.java:58)
	at org.apache.cxf.interceptor.ServiceInvokerInterceptor.handleMessage(ServiceInvokerInterceptor.java:94)
	at org.apache.cxf.phase.PhaseInterceptorChain.doIntercept(PhaseInterceptorChain.java:262)
	at org.apache.cxf.transport.ChainInitiationObserver.onMessage(ChainInitiationObserver.java:122)
	at org.apache.cxf.transport.http_jetty.JettyHTTPDestination.serviceRequest(JettyHTTPDestination.java:344)
	at org.apache.cxf.transport.http_jetty.JettyHTTPDestination.doService(JettyHTTPDestination.java:310)
	at org.apache.cxf.transport.http_jetty.JettyHTTPHandler.handle(JettyHTTPHandler.java:72)
	at org.eclipse.jetty.server.handler.ContextHandler.doHandle(ContextHandler.java:943)
	at org.eclipse.jetty.server.handler.ContextHandler.doScope(ContextHandler.java:879)
	at org.eclipse.jetty.server.handler.ScopedHandler.handle(ScopedHandler.java:117)
	at org.eclipse.jetty.server.handler.ContextHandlerCollection.handle(ContextHandlerCollection.java:250)
	at org.eclipse.jetty.server.handler.HandlerWrapper.handle(HandlerWrapper.java:110)
	at org.eclipse.jetty.server.Server.handle(Server.java:349)
	at org.eclipse.jetty.server.HttpConnection.handleRequest(HttpConnection.java:441)
	at org.eclipse.jetty.server.HttpConnection$RequestHandler.headerComplete(HttpConnection.java:919)
	at org.eclipse.jetty.http.HttpParser.parseNext(HttpParser.java:582)
	at org.eclipse.jetty.http.HttpParser.parseAvailable(HttpParser.java:218)
	at org.eclipse.jetty.server.AsyncHttpConnection.handle(AsyncHttpConnection.java:51)
	at org.eclipse.jetty.io.nio.SelectChannelEndPoint.handle(SelectChannelEndPoint.java:586)
	at org.eclipse.jetty.io.nio.SelectChannelEndPoint$1.run(SelectChannelEndPoint.java:44)
	at org.eclipse.jetty.util.thread.QueuedThreadPool.runJob(QueuedThreadPool.java:598)
	at org.eclipse.jetty.util.thread.QueuedThreadPool$3.run(QueuedThreadPool.java:533)
	at java.base/java.lang.Thread.run(Thread.java:834)
Caused by: java.lang.NullPointerException
	at hms.kite.simulator.sms.SmsMessageReceiver.decodeMessage(SmsMessageReceiver.java:165)
	at hms.kite.simulator.sms.SmsMessageReceiver.onMessage(SmsMessageReceiver.java:46)
	at hms.kite.simulator.rest.SmsNcsRestService.sendService(SmsNcsRestService.java:36)
	at java.base/jdk.internal.reflect.NativeMethodAccessorImpl.invoke0(Native Method)
	at java.base/jdk.internal.reflect.NativeMethodAccessorImpl.invoke(NativeMethodAccessorImpl.java:62)
	at java.base/jdk.internal.reflect.DelegatingMethodAccessorImpl.invoke(DelegatingMethodAccessorImpl.java:43)
	at java.base/java.lang.reflect.Method.invoke(Method.java:566)
	at org.apache.cxf.service.invoker.AbstractInvoker.performInvocation(AbstractInvoker.java:180)
	at org.apache.cxf.service.invoker.AbstractInvoker.invoke(AbstractInvoker.java:96)
	... 25 more
25 Jul 2019 18:36:27,249 INFO  [][qtp234845801-44] AtRequestSender - Sending Request [{sourceAddress=tel:94771122336, requestId=1564059987249, deliveryStatusRequest=null, encoding=0, applicationId=APP_000001, message=this is a message , version=1.0}] 
25 Jul 2019 18:36:27,253 INFO  [][qtp193597741-26] SmsNcsRestService - Received SMS message to send to customer[{sourceAddress=tel:94771122336, requestId=1564059987249, encoding=0, applicationId=APP_000001, message=this is a message , version=1.0}], sent response back to application[{destinationResponses=[{timeStamp=20190725183627, address=null, requestId=1564059987253, statusDetail=Invalid MSISDN Error, statusCode=E1325}], requestId=1564059987253, statusDetail=Invalid MSISDN Error, version=1.0, statusCode=E1325}]
25 Jul 2019 18:36:27,255 INFO  [][qtp234845801-44] AtRequestSender - Message Successfully sent
25 Jul 2019 18:36:27,255 INFO  [][qtp234845801-44] TabViewSmsImpl - SMS sending status : SUCCESS.......
25 Jul 2019 18:37:58,925 WARN  [][qtp193597741-26] JsonBodyProvider - Null value received no way to parse this.
25 Jul 2019 18:37:58,926 ERROR [][qtp193597741-26] AbstractFaultChainInitiatorObserver - Error occurred during error handling, give up!
org.apache.cxf.interceptor.Fault
	at org.apache.cxf.service.invoker.AbstractInvoker.createFault(AbstractInvoker.java:162)
	at org.apache.cxf.service.invoker.AbstractInvoker.invoke(AbstractInvoker.java:128)
	at org.apache.cxf.jaxrs.JAXRSInvoker.invoke(JAXRSInvoker.java:167)
	at org.apache.cxf.jaxrs.JAXRSInvoker.invoke(JAXRSInvoker.java:94)
	at org.apache.cxf.interceptor.ServiceInvokerInterceptor$1.run(ServiceInvokerInterceptor.java:58)
	at org.apache.cxf.interceptor.ServiceInvokerInterceptor.handleMessage(ServiceInvokerInterceptor.java:94)
	at org.apache.cxf.phase.PhaseInterceptorChain.doIntercept(PhaseInterceptorChain.java:262)
	at org.apache.cxf.transport.ChainInitiationObserver.onMessage(ChainInitiationObserver.java:122)
	at org.apache.cxf.transport.http_jetty.JettyHTTPDestination.serviceRequest(JettyHTTPDestination.java:344)
	at org.apache.cxf.transport.http_jetty.JettyHTTPDestination.doService(JettyHTTPDestination.java:310)
	at org.apache.cxf.transport.http_jetty.JettyHTTPHandler.handle(JettyHTTPHandler.java:72)
	at org.eclipse.jetty.server.handler.ContextHandler.doHandle(ContextHandler.java:943)
	at org.eclipse.jetty.server.handler.ContextHandler.doScope(ContextHandler.java:879)
	at org.eclipse.jetty.server.handler.ScopedHandler.handle(ScopedHandler.java:117)
	at org.eclipse.jetty.server.handler.ContextHandlerCollection.handle(ContextHandlerCollection.java:250)
	at org.eclipse.jetty.server.handler.HandlerWrapper.handle(HandlerWrapper.java:110)
	at org.eclipse.jetty.server.Server.handle(Server.java:349)
	at org.eclipse.jetty.server.HttpConnection.handleRequest(HttpConnection.java:441)
	at org.eclipse.jetty.server.HttpConnection$RequestHandler.headerComplete(HttpConnection.java:919)
	at org.eclipse.jetty.http.HttpParser.parseNext(HttpParser.java:582)
	at org.eclipse.jetty.http.HttpParser.parseAvailable(HttpParser.java:218)
	at org.eclipse.jetty.server.AsyncHttpConnection.handle(AsyncHttpConnection.java:51)
	at org.eclipse.jetty.io.nio.SelectChannelEndPoint.handle(SelectChannelEndPoint.java:586)
	at org.eclipse.jetty.io.nio.SelectChannelEndPoint$1.run(SelectChannelEndPoint.java:44)
	at org.eclipse.jetty.util.thread.QueuedThreadPool.runJob(QueuedThreadPool.java:598)
	at org.eclipse.jetty.util.thread.QueuedThreadPool$3.run(QueuedThreadPool.java:533)
	at java.base/java.lang.Thread.run(Thread.java:834)
Caused by: java.lang.NullPointerException
	at hms.kite.simulator.sms.SmsMessageReceiver.decodeMessage(SmsMessageReceiver.java:165)
	at hms.kite.simulator.sms.SmsMessageReceiver.onMessage(SmsMessageReceiver.java:46)
	at hms.kite.simulator.rest.SmsNcsRestService.sendService(SmsNcsRestService.java:36)
	at java.base/jdk.internal.reflect.NativeMethodAccessorImpl.invoke0(Native Method)
	at java.base/jdk.internal.reflect.NativeMethodAccessorImpl.invoke(NativeMethodAccessorImpl.java:62)
	at java.base/jdk.internal.reflect.DelegatingMethodAccessorImpl.invoke(DelegatingMethodAccessorImpl.java:43)
	at java.base/java.lang.reflect.Method.invoke(Method.java:566)
	at org.apache.cxf.service.invoker.AbstractInvoker.performInvocation(AbstractInvoker.java:180)
	at org.apache.cxf.service.invoker.AbstractInvoker.invoke(AbstractInvoker.java:96)
	... 25 more
25 Jul 2019 18:39:13,326 WARN  [][qtp193597741-27] JsonBodyProvider - Null value received no way to parse this.
25 Jul 2019 18:39:13,326 ERROR [][qtp193597741-27] AbstractFaultChainInitiatorObserver - Error occurred during error handling, give up!
org.apache.cxf.interceptor.Fault
	at org.apache.cxf.service.invoker.AbstractInvoker.createFault(AbstractInvoker.java:162)
	at org.apache.cxf.service.invoker.AbstractInvoker.invoke(AbstractInvoker.java:128)
	at org.apache.cxf.jaxrs.JAXRSInvoker.invoke(JAXRSInvoker.java:167)
	at org.apache.cxf.jaxrs.JAXRSInvoker.invoke(JAXRSInvoker.java:94)
	at org.apache.cxf.interceptor.ServiceInvokerInterceptor$1.run(ServiceInvokerInterceptor.java:58)
	at org.apache.cxf.interceptor.ServiceInvokerInterceptor.handleMessage(ServiceInvokerInterceptor.java:94)
	at org.apache.cxf.phase.PhaseInterceptorChain.doIntercept(PhaseInterceptorChain.java:262)
	at org.apache.cxf.transport.ChainInitiationObserver.onMessage(ChainInitiationObserver.java:122)
	at org.apache.cxf.transport.http_jetty.JettyHTTPDestination.serviceRequest(JettyHTTPDestination.java:344)
	at org.apache.cxf.transport.http_jetty.JettyHTTPDestination.doService(JettyHTTPDestination.java:310)
	at org.apache.cxf.transport.http_jetty.JettyHTTPHandler.handle(JettyHTTPHandler.java:72)
	at org.eclipse.jetty.server.handler.ContextHandler.doHandle(ContextHandler.java:943)
	at org.eclipse.jetty.server.handler.ContextHandler.doScope(ContextHandler.java:879)
	at org.eclipse.jetty.server.handler.ScopedHandler.handle(ScopedHandler.java:117)
	at org.eclipse.jetty.server.handler.ContextHandlerCollection.handle(ContextHandlerCollection.java:250)
	at org.eclipse.jetty.server.handler.HandlerWrapper.handle(HandlerWrapper.java:110)
	at org.eclipse.jetty.server.Server.handle(Server.java:349)
	at org.eclipse.jetty.server.HttpConnection.handleRequest(HttpConnection.java:441)
	at org.eclipse.jetty.server.HttpConnection$RequestHandler.headerComplete(HttpConnection.java:919)
	at org.eclipse.jetty.http.HttpParser.parseNext(HttpParser.java:582)
	at org.eclipse.jetty.http.HttpParser.parseAvailable(HttpParser.java:218)
	at org.eclipse.jetty.server.AsyncHttpConnection.handle(AsyncHttpConnection.java:51)
	at org.eclipse.jetty.io.nio.SelectChannelEndPoint.handle(SelectChannelEndPoint.java:586)
	at org.eclipse.jetty.io.nio.SelectChannelEndPoint$1.run(SelectChannelEndPoint.java:44)
	at org.eclipse.jetty.util.thread.QueuedThreadPool.runJob(QueuedThreadPool.java:598)
	at org.eclipse.jetty.util.thread.QueuedThreadPool$3.run(QueuedThreadPool.java:533)
	at java.base/java.lang.Thread.run(Thread.java:834)
Caused by: java.lang.NullPointerException
	at hms.kite.simulator.sms.SmsMessageReceiver.decodeMessage(SmsMessageReceiver.java:165)
	at hms.kite.simulator.sms.SmsMessageReceiver.onMessage(SmsMessageReceiver.java:46)
	at hms.kite.simulator.rest.SmsNcsRestService.sendService(SmsNcsRestService.java:36)
	at java.base/jdk.internal.reflect.NativeMethodAccessorImpl.invoke0(Native Method)
	at java.base/jdk.internal.reflect.NativeMethodAccessorImpl.invoke(NativeMethodAccessorImpl.java:62)
	at java.base/jdk.internal.reflect.DelegatingMethodAccessorImpl.invoke(DelegatingMethodAccessorImpl.java:43)
	at java.base/java.lang.reflect.Method.invoke(Method.java:566)
	at org.apache.cxf.service.invoker.AbstractInvoker.performInvocation(AbstractInvoker.java:180)
	at org.apache.cxf.service.invoker.AbstractInvoker.invoke(AbstractInvoker.java:96)
	... 25 more
25 Jul 2019 18:40:52,742 INFO  [][qtp234845801-44] AtRequestSender - Sending Request [{sourceAddress=tel:94771122336, requestId=1564060252742, deliveryStatusRequest=null, encoding=0, applicationId=APP_000001, message=this is a message , version=1.0}] 
25 Jul 2019 18:40:52,756 INFO  [][qtp193597741-27] SmsNcsRestService - Received SMS message to send to customer[{sourceAddress=tel:94771122336, requestId=1564060252742, encoding=0, applicationId=APP_000001, message=this is a message , version=1.0}], sent response back to application[{destinationResponses=[{timeStamp=20190725184052, address=null, requestId=1564060252756, statusDetail=Invalid MSISDN Error, statusCode=E1325}], requestId=1564060252756, statusDetail=Invalid MSISDN Error, version=1.0, statusCode=E1325}]
25 Jul 2019 18:40:52,758 INFO  [][qtp234845801-44] AtRequestSender - Message Successfully sent
25 Jul 2019 18:40:52,758 INFO  [][qtp234845801-44] TabViewSmsImpl - SMS sending status : SUCCESS.......
25 Jul 2019 18:45:29,013 WARN  [][qtp193597741-26] JsonBodyProvider - Null value received no way to parse this.
25 Jul 2019 18:45:29,015 ERROR [][qtp193597741-26] AbstractFaultChainInitiatorObserver - Error occurred during error handling, give up!
org.apache.cxf.interceptor.Fault
	at org.apache.cxf.service.invoker.AbstractInvoker.createFault(AbstractInvoker.java:162)
	at org.apache.cxf.service.invoker.AbstractInvoker.invoke(AbstractInvoker.java:128)
	at org.apache.cxf.jaxrs.JAXRSInvoker.invoke(JAXRSInvoker.java:167)
	at org.apache.cxf.jaxrs.JAXRSInvoker.invoke(JAXRSInvoker.java:94)
	at org.apache.cxf.interceptor.ServiceInvokerInterceptor$1.run(ServiceInvokerInterceptor.java:58)
	at org.apache.cxf.interceptor.ServiceInvokerInterceptor.handleMessage(ServiceInvokerInterceptor.java:94)
	at org.apache.cxf.phase.PhaseInterceptorChain.doIntercept(PhaseInterceptorChain.java:262)
	at org.apache.cxf.transport.ChainInitiationObserver.onMessage(ChainInitiationObserver.java:122)
	at org.apache.cxf.transport.http_jetty.JettyHTTPDestination.serviceRequest(JettyHTTPDestination.java:344)
	at org.apache.cxf.transport.http_jetty.JettyHTTPDestination.doService(JettyHTTPDestination.java:310)
	at org.apache.cxf.transport.http_jetty.JettyHTTPHandler.handle(JettyHTTPHandler.java:72)
	at org.eclipse.jetty.server.handler.ContextHandler.doHandle(ContextHandler.java:943)
	at org.eclipse.jetty.server.handler.ContextHandler.doScope(ContextHandler.java:879)
	at org.eclipse.jetty.server.handler.ScopedHandler.handle(ScopedHandler.java:117)
	at org.eclipse.jetty.server.handler.ContextHandlerCollection.handle(ContextHandlerCollection.java:250)
	at org.eclipse.jetty.server.handler.HandlerWrapper.handle(HandlerWrapper.java:110)
	at org.eclipse.jetty.server.Server.handle(Server.java:349)
	at org.eclipse.jetty.server.HttpConnection.handleRequest(HttpConnection.java:441)
	at org.eclipse.jetty.server.HttpConnection$RequestHandler.headerComplete(HttpConnection.java:919)
	at org.eclipse.jetty.http.HttpParser.parseNext(HttpParser.java:582)
	at org.eclipse.jetty.http.HttpParser.parseAvailable(HttpParser.java:218)
	at org.eclipse.jetty.server.AsyncHttpConnection.handle(AsyncHttpConnection.java:51)
	at org.eclipse.jetty.io.nio.SelectChannelEndPoint.handle(SelectChannelEndPoint.java:586)
	at org.eclipse.jetty.io.nio.SelectChannelEndPoint$1.run(SelectChannelEndPoint.java:44)
	at org.eclipse.jetty.util.thread.QueuedThreadPool.runJob(QueuedThreadPool.java:598)
	at org.eclipse.jetty.util.thread.QueuedThreadPool$3.run(QueuedThreadPool.java:533)
	at java.base/java.lang.Thread.run(Thread.java:834)
Caused by: java.lang.NullPointerException
	at hms.kite.simulator.sms.SmsMessageReceiver.decodeMessage(SmsMessageReceiver.java:165)
	at hms.kite.simulator.sms.SmsMessageReceiver.onMessage(SmsMessageReceiver.java:46)
	at hms.kite.simulator.rest.SmsNcsRestService.sendService(SmsNcsRestService.java:36)
	at java.base/jdk.internal.reflect.NativeMethodAccessorImpl.invoke0(Native Method)
	at java.base/jdk.internal.reflect.NativeMethodAccessorImpl.invoke(NativeMethodAccessorImpl.java:62)
	at java.base/jdk.internal.reflect.DelegatingMethodAccessorImpl.invoke(DelegatingMethodAccessorImpl.java:43)
	at java.base/java.lang.reflect.Method.invoke(Method.java:566)
	at org.apache.cxf.service.invoker.AbstractInvoker.performInvocation(AbstractInvoker.java:180)
	at org.apache.cxf.service.invoker.AbstractInvoker.invoke(AbstractInvoker.java:96)
	... 25 more
