25 Jul 2019 19:04:41,018 INFO  [][qtp1582108382-42] AtRequestSender - Sending Request [{sourceAddress=tel:94771122336, requestId=1564061681017, deliveryStatusRequest=null, encoding=0, applicationId=APP_000001, message=aabbbb, version=1.0}] 
25 Jul 2019 19:04:41,169 ERROR [][qtp1582108382-42] AtRequestSender - Error while sending message to application or application may not available for given port
org.apache.cxf.jaxrs.client.ClientWebApplicationException: org.apache.cxf.jaxrs.client.ClientWebApplicationException: org.apache.cxf.interceptor.Fault: Could not send Message.
	at org.apache.cxf.jaxrs.client.WebClient.doChainedInvocation(WebClient.java:807)
	at org.apache.cxf.jaxrs.client.WebClient.doInvoke(WebClient.java:743)
	at org.apache.cxf.jaxrs.client.WebClient.doInvoke(WebClient.java:717)
	at org.apache.cxf.jaxrs.client.WebClient.invoke(WebClient.java:262)
	at org.apache.cxf.jaxrs.client.WebClient.post(WebClient.java:271)
	at hms.kite.simulator.rest.AtRequestSender.makeRestCallToHTTP(AtRequestSender.java:89)
	at hms.kite.simulator.rest.AtRequestSender.sendMessage(AtRequestSender.java:51)
	at hms.kite.simulator.sms.SmsMessageSender.sendMessage(SmsMessageSender.java:44)
	at hms.kite.simulator.webui.ui.services.impl.SmsNcsService.sendMessage(SmsNcsService.java:37)
	at hms.kite.simulator.webui.ui.tab.impl.TabViewSmsImpl$2.buttonClick(TabViewSmsImpl.java:125)
	at sun.reflect.NativeMethodAccessorImpl.invoke0(Native Method)
	at sun.reflect.NativeMethodAccessorImpl.invoke(NativeMethodAccessorImpl.java:62)
	at sun.reflect.DelegatingMethodAccessorImpl.invoke(DelegatingMethodAccessorImpl.java:43)
	at java.lang.reflect.Method.invoke(Method.java:498)
	at com.vaadin.event.ListenerMethod.receiveEvent(ListenerMethod.java:490)
	at com.vaadin.event.EventRouter.fireEvent(EventRouter.java:162)
	at com.vaadin.ui.AbstractComponent.fireEvent(AbstractComponent.java:1166)
	at com.vaadin.ui.Button.fireClick(Button.java:380)
	at com.vaadin.ui.Button.changeVariables(Button.java:196)
	at com.vaadin.terminal.gwt.server.AbstractCommunicationManager.handleVariableBurst(AbstractCommunicationManager.java:1297)
	at com.vaadin.terminal.gwt.server.AbstractCommunicationManager.handleVariables(AbstractCommunicationManager.java:1217)
	at com.vaadin.terminal.gwt.server.AbstractCommunicationManager.doHandleUidlRequest(AbstractCommunicationManager.java:733)
	at com.vaadin.terminal.gwt.server.CommunicationManager.handleUidlRequest(CommunicationManager.java:296)
	at com.vaadin.terminal.gwt.server.AbstractApplicationServlet.service(AbstractApplicationServlet.java:483)
	at javax.servlet.http.HttpServlet.service(HttpServlet.java:847)
	at org.eclipse.jetty.servlet.ServletHolder.handle(ServletHolder.java:550)
	at org.eclipse.jetty.servlet.ServletHandler.doHandle(ServletHandler.java:486)
	at org.eclipse.jetty.server.handler.ScopedHandler.handle(ScopedHandler.java:119)
	at org.eclipse.jetty.security.SecurityHandler.handle(SecurityHandler.java:517)
	at org.eclipse.jetty.server.session.SessionHandler.doHandle(SessionHandler.java:229)
	at org.eclipse.jetty.server.handler.ContextHandler.doHandle(ContextHandler.java:970)
	at org.eclipse.jetty.servlet.ServletHandler.doScope(ServletHandler.java:414)
	at org.eclipse.jetty.server.session.SessionHandler.doScope(SessionHandler.java:187)
	at org.eclipse.jetty.server.handler.ContextHandler.doScope(ContextHandler.java:904)
	at org.eclipse.jetty.server.handler.ScopedHandler.handle(ScopedHandler.java:117)
	at org.eclipse.jetty.server.handler.HandlerWrapper.handle(HandlerWrapper.java:110)
	at org.eclipse.jetty.server.Server.handle(Server.java:347)
	at org.eclipse.jetty.server.HttpConnection.handleRequest(HttpConnection.java:590)
	at org.eclipse.jetty.server.HttpConnection$RequestHandler.content(HttpConnection.java:1071)
	at org.eclipse.jetty.http.HttpParser.parseNext(HttpParser.java:823)
	at org.eclipse.jetty.http.HttpParser.parseAvailable(HttpParser.java:220)
	at org.eclipse.jetty.server.HttpConnection.handle(HttpConnection.java:411)
	at org.eclipse.jetty.io.nio.SelectChannelEndPoint.handle(SelectChannelEndPoint.java:535)
	at org.eclipse.jetty.io.nio.SelectChannelEndPoint$1.run(SelectChannelEndPoint.java:40)
	at org.eclipse.jetty.util.thread.QueuedThreadPool$3.run(QueuedThreadPool.java:529)
	at java.lang.Thread.run(Thread.java:748)
Caused by: org.apache.cxf.jaxrs.client.ClientWebApplicationException: org.apache.cxf.interceptor.Fault: Could not send Message.
	at org.apache.cxf.jaxrs.client.AbstractClient.checkClientException(AbstractClient.java:501)
	at org.apache.cxf.jaxrs.client.AbstractClient.preProcessResult(AbstractClient.java:488)
	at org.apache.cxf.jaxrs.client.WebClient.doChainedInvocation(WebClient.java:800)
	... 45 more
Caused by: org.apache.cxf.interceptor.Fault: Could not send Message.
	at org.apache.cxf.interceptor.MessageSenderInterceptor$MessageSenderEndingInterceptor.handleMessage(MessageSenderInterceptor.java:64)
	at org.apache.cxf.phase.PhaseInterceptorChain.doIntercept(PhaseInterceptorChain.java:262)
	at org.apache.cxf.jaxrs.client.WebClient.doChainedInvocation(WebClient.java:795)
	... 45 more
Caused by: java.net.ConnectException: ConnectException invoking http://localhost:5556/mo-receiver: Connection refused (Connection refused)
	at sun.reflect.NativeConstructorAccessorImpl.newInstance0(Native Method)
	at sun.reflect.NativeConstructorAccessorImpl.newInstance(NativeConstructorAccessorImpl.java:62)
	at sun.reflect.DelegatingConstructorAccessorImpl.newInstance(DelegatingConstructorAccessorImpl.java:45)
	at java.lang.reflect.Constructor.newInstance(Constructor.java:423)
	at org.apache.cxf.transport.http.HTTPConduit$WrappedOutputStream.mapException(HTTPConduit.java:1457)
	at org.apache.cxf.transport.http.HTTPConduit$WrappedOutputStream.close(HTTPConduit.java:1442)
	at org.apache.cxf.transport.AbstractConduit.close(AbstractConduit.java:56)
	at org.apache.cxf.transport.http.HTTPConduit.close(HTTPConduit.java:658)
	at org.apache.cxf.interceptor.MessageSenderInterceptor$MessageSenderEndingInterceptor.handleMessage(MessageSenderInterceptor.java:62)
	... 47 more
Caused by: java.net.ConnectException: Connection refused (Connection refused)
	at java.net.PlainSocketImpl.socketConnect(Native Method)
	at java.net.AbstractPlainSocketImpl.doConnect(AbstractPlainSocketImpl.java:350)
	at java.net.AbstractPlainSocketImpl.connectToAddress(AbstractPlainSocketImpl.java:206)
	at java.net.AbstractPlainSocketImpl.connect(AbstractPlainSocketImpl.java:188)
	at java.net.SocksSocketImpl.connect(SocksSocketImpl.java:392)
	at java.net.Socket.connect(Socket.java:589)
	at sun.net.NetworkClient.doConnect(NetworkClient.java:175)
	at sun.net.www.http.HttpClient.openServer(HttpClient.java:463)
	at sun.net.www.http.HttpClient.openServer(HttpClient.java:558)
	at sun.net.www.http.HttpClient.<init>(HttpClient.java:242)
	at sun.net.www.http.HttpClient.New(HttpClient.java:339)
	at sun.net.www.http.HttpClient.New(HttpClient.java:357)
	at sun.net.www.protocol.http.HttpURLConnection.getNewHttpClient(HttpURLConnection.java:1220)
	at sun.net.www.protocol.http.HttpURLConnection.plainConnect0(HttpURLConnection.java:1156)
	at sun.net.www.protocol.http.HttpURLConnection.plainConnect(HttpURLConnection.java:1050)
	at sun.net.www.protocol.http.HttpURLConnection.connect(HttpURLConnection.java:984)
	at sun.net.www.protocol.http.HttpURLConnection.getOutputStream0(HttpURLConnection.java:1334)
	at sun.net.www.protocol.http.HttpURLConnection.getOutputStream(HttpURLConnection.java:1309)
	at org.apache.cxf.transport.http.HTTPConduit$WrappedOutputStream.handleHeadersTrustCaching(HTTPConduit.java:1394)
	at org.apache.cxf.transport.http.HTTPConduit$WrappedOutputStream.onFirstWrite(HTTPConduit.java:1336)
	at org.apache.cxf.io.AbstractWrappedOutputStream.write(AbstractWrappedOutputStream.java:42)
	at org.apache.cxf.io.AbstractThresholdOutputStream.write(AbstractThresholdOutputStream.java:69)
	at org.apache.cxf.transport.http.HTTPConduit$WrappedOutputStream.close(HTTPConduit.java:1414)
	... 50 more
25 Jul 2019 19:04:41,185 INFO  [][qtp1582108382-42] TabViewSmsImpl - SMS sending status : Failed ........
25 Jul 2019 19:04:51,287 INFO  [][qtp1582108382-41] AtRequestSender - Sending Request [{sourceAddress=tel:94771122336, requestId=1564061691287, deliveryStatusRequest=null, encoding=0, applicationId=APP_000001, message=aabbbb, version=1.0}] 
25 Jul 2019 19:04:51,293 ERROR [][qtp1582108382-41] AtRequestSender - Error while sending message to application or application may not available for given port
org.apache.cxf.jaxrs.client.ClientWebApplicationException: org.apache.cxf.jaxrs.client.ClientWebApplicationException: org.apache.cxf.interceptor.Fault: Could not send Message.
	at org.apache.cxf.jaxrs.client.WebClient.doChainedInvocation(WebClient.java:807)
	at org.apache.cxf.jaxrs.client.WebClient.doInvoke(WebClient.java:743)
	at org.apache.cxf.jaxrs.client.WebClient.doInvoke(WebClient.java:717)
	at org.apache.cxf.jaxrs.client.WebClient.invoke(WebClient.java:262)
	at org.apache.cxf.jaxrs.client.WebClient.post(WebClient.java:271)
	at hms.kite.simulator.rest.AtRequestSender.makeRestCallToHTTP(AtRequestSender.java:89)
	at hms.kite.simulator.rest.AtRequestSender.sendMessage(AtRequestSender.java:51)
	at hms.kite.simulator.sms.SmsMessageSender.sendMessage(SmsMessageSender.java:44)
	at hms.kite.simulator.webui.ui.services.impl.SmsNcsService.sendMessage(SmsNcsService.java:37)
	at hms.kite.simulator.webui.ui.tab.impl.TabViewSmsImpl$2.buttonClick(TabViewSmsImpl.java:125)
	at sun.reflect.NativeMethodAccessorImpl.invoke0(Native Method)
	at sun.reflect.NativeMethodAccessorImpl.invoke(NativeMethodAccessorImpl.java:62)
	at sun.reflect.DelegatingMethodAccessorImpl.invoke(DelegatingMethodAccessorImpl.java:43)
	at java.lang.reflect.Method.invoke(Method.java:498)
	at com.vaadin.event.ListenerMethod.receiveEvent(ListenerMethod.java:490)
	at com.vaadin.event.EventRouter.fireEvent(EventRouter.java:162)
	at com.vaadin.ui.AbstractComponent.fireEvent(AbstractComponent.java:1166)
	at com.vaadin.ui.Button.fireClick(Button.java:380)
	at com.vaadin.ui.Button.changeVariables(Button.java:196)
	at com.vaadin.terminal.gwt.server.AbstractCommunicationManager.handleVariableBurst(AbstractCommunicationManager.java:1297)
	at com.vaadin.terminal.gwt.server.AbstractCommunicationManager.handleVariables(AbstractCommunicationManager.java:1217)
	at com.vaadin.terminal.gwt.server.AbstractCommunicationManager.doHandleUidlRequest(AbstractCommunicationManager.java:733)
	at com.vaadin.terminal.gwt.server.CommunicationManager.handleUidlRequest(CommunicationManager.java:296)
	at com.vaadin.terminal.gwt.server.AbstractApplicationServlet.service(AbstractApplicationServlet.java:483)
	at javax.servlet.http.HttpServlet.service(HttpServlet.java:847)
	at org.eclipse.jetty.servlet.ServletHolder.handle(ServletHolder.java:550)
	at org.eclipse.jetty.servlet.ServletHandler.doHandle(ServletHandler.java:486)
	at org.eclipse.jetty.server.handler.ScopedHandler.handle(ScopedHandler.java:119)
	at org.eclipse.jetty.security.SecurityHandler.handle(SecurityHandler.java:517)
	at org.eclipse.jetty.server.session.SessionHandler.doHandle(SessionHandler.java:229)
	at org.eclipse.jetty.server.handler.ContextHandler.doHandle(ContextHandler.java:970)
	at org.eclipse.jetty.servlet.ServletHandler.doScope(ServletHandler.java:414)
	at org.eclipse.jetty.server.session.SessionHandler.doScope(SessionHandler.java:187)
	at org.eclipse.jetty.server.handler.ContextHandler.doScope(ContextHandler.java:904)
	at org.eclipse.jetty.server.handler.ScopedHandler.handle(ScopedHandler.java:117)
	at org.eclipse.jetty.server.handler.HandlerWrapper.handle(HandlerWrapper.java:110)
	at org.eclipse.jetty.server.Server.handle(Server.java:347)
	at org.eclipse.jetty.server.HttpConnection.handleRequest(HttpConnection.java:590)
	at org.eclipse.jetty.server.HttpConnection$RequestHandler.content(HttpConnection.java:1071)
	at org.eclipse.jetty.http.HttpParser.parseNext(HttpParser.java:823)
	at org.eclipse.jetty.http.HttpParser.parseAvailable(HttpParser.java:220)
	at org.eclipse.jetty.server.HttpConnection.handle(HttpConnection.java:411)
	at org.eclipse.jetty.io.nio.SelectChannelEndPoint.handle(SelectChannelEndPoint.java:535)
	at org.eclipse.jetty.io.nio.SelectChannelEndPoint$1.run(SelectChannelEndPoint.java:40)
	at org.eclipse.jetty.util.thread.QueuedThreadPool$3.run(QueuedThreadPool.java:529)
	at java.lang.Thread.run(Thread.java:748)
Caused by: org.apache.cxf.jaxrs.client.ClientWebApplicationException: org.apache.cxf.interceptor.Fault: Could not send Message.
	at org.apache.cxf.jaxrs.client.AbstractClient.checkClientException(AbstractClient.java:501)
	at org.apache.cxf.jaxrs.client.AbstractClient.preProcessResult(AbstractClient.java:488)
	at org.apache.cxf.jaxrs.client.WebClient.doChainedInvocation(WebClient.java:800)
	... 45 more
Caused by: org.apache.cxf.interceptor.Fault: Could not send Message.
	at org.apache.cxf.interceptor.MessageSenderInterceptor$MessageSenderEndingInterceptor.handleMessage(MessageSenderInterceptor.java:64)
	at org.apache.cxf.phase.PhaseInterceptorChain.doIntercept(PhaseInterceptorChain.java:262)
	at org.apache.cxf.jaxrs.client.WebClient.doChainedInvocation(WebClient.java:795)
	... 45 more
Caused by: java.net.ConnectException: ConnectException invoking http://localhost:5556/mo-receiver: Connection refused (Connection refused)
	at sun.reflect.NativeConstructorAccessorImpl.newInstance0(Native Method)
	at sun.reflect.NativeConstructorAccessorImpl.newInstance(NativeConstructorAccessorImpl.java:62)
	at sun.reflect.DelegatingConstructorAccessorImpl.newInstance(DelegatingConstructorAccessorImpl.java:45)
	at java.lang.reflect.Constructor.newInstance(Constructor.java:423)
	at org.apache.cxf.transport.http.HTTPConduit$WrappedOutputStream.mapException(HTTPConduit.java:1457)
	at org.apache.cxf.transport.http.HTTPConduit$WrappedOutputStream.close(HTTPConduit.java:1442)
	at org.apache.cxf.transport.AbstractConduit.close(AbstractConduit.java:56)
	at org.apache.cxf.transport.http.HTTPConduit.close(HTTPConduit.java:658)
	at org.apache.cxf.interceptor.MessageSenderInterceptor$MessageSenderEndingInterceptor.handleMessage(MessageSenderInterceptor.java:62)
	... 47 more
Caused by: java.net.ConnectException: Connection refused (Connection refused)
	at java.net.PlainSocketImpl.socketConnect(Native Method)
	at java.net.AbstractPlainSocketImpl.doConnect(AbstractPlainSocketImpl.java:350)
	at java.net.AbstractPlainSocketImpl.connectToAddress(AbstractPlainSocketImpl.java:206)
	at java.net.AbstractPlainSocketImpl.connect(AbstractPlainSocketImpl.java:188)
	at java.net.SocksSocketImpl.connect(SocksSocketImpl.java:392)
	at java.net.Socket.connect(Socket.java:589)
	at sun.net.NetworkClient.doConnect(NetworkClient.java:175)
	at sun.net.www.http.HttpClient.openServer(HttpClient.java:463)
	at sun.net.www.http.HttpClient.openServer(HttpClient.java:558)
	at sun.net.www.http.HttpClient.<init>(HttpClient.java:242)
	at sun.net.www.http.HttpClient.New(HttpClient.java:339)
	at sun.net.www.http.HttpClient.New(HttpClient.java:357)
	at sun.net.www.protocol.http.HttpURLConnection.getNewHttpClient(HttpURLConnection.java:1220)
	at sun.net.www.protocol.http.HttpURLConnection.plainConnect0(HttpURLConnection.java:1156)
	at sun.net.www.protocol.http.HttpURLConnection.plainConnect(HttpURLConnection.java:1050)
	at sun.net.www.protocol.http.HttpURLConnection.connect(HttpURLConnection.java:984)
	at sun.net.www.protocol.http.HttpURLConnection.getOutputStream0(HttpURLConnection.java:1334)
	at sun.net.www.protocol.http.HttpURLConnection.getOutputStream(HttpURLConnection.java:1309)
	at org.apache.cxf.transport.http.HTTPConduit$WrappedOutputStream.handleHeadersTrustCaching(HTTPConduit.java:1394)
	at org.apache.cxf.transport.http.HTTPConduit$WrappedOutputStream.onFirstWrite(HTTPConduit.java:1336)
	at org.apache.cxf.io.AbstractWrappedOutputStream.write(AbstractWrappedOutputStream.java:42)
	at org.apache.cxf.io.AbstractThresholdOutputStream.write(AbstractThresholdOutputStream.java:69)
	at org.apache.cxf.transport.http.HTTPConduit$WrappedOutputStream.close(HTTPConduit.java:1414)
	... 50 more
25 Jul 2019 19:04:51,299 INFO  [][qtp1582108382-41] TabViewSmsImpl - SMS sending status : Failed ........
25 Jul 2019 19:06:31,084 WARN  [][qtp551356216-23] JsonBodyProvider - Null value received no way to parse this.
25 Jul 2019 19:06:31,111 ERROR [][qtp551356216-23] AbstractFaultChainInitiatorObserver - Error occurred during error handling, give up!
org.apache.cxf.interceptor.Fault
	at org.apache.cxf.service.invoker.AbstractInvoker.createFault(AbstractInvoker.java:162)
	at org.apache.cxf.service.invoker.AbstractInvoker.invoke(AbstractInvoker.java:128)
	at org.apache.cxf.jaxrs.JAXRSInvoker.invoke(JAXRSInvoker.java:167)
	at org.apache.cxf.jaxrs.JAXRSInvoker.invoke(JAXRSInvoker.java:94)
	at org.apache.cxf.interceptor.ServiceInvokerInterceptor$1.run(ServiceInvokerInterceptor.java:58)
	at org.apache.cxf.interceptor.ServiceInvokerInterceptor.handleMessage(ServiceInvokerInterceptor.java:94)
	at org.apache.cxf.phase.PhaseInterceptorChain.doIntercept(PhaseInterceptorChain.java:262)
	at org.apache.cxf.transport.ChainInitiationObserver.onMessage(ChainInitiationObserver.java:122)
	at org.apache.cxf.transport.http_jetty.JettyHTTPDestination.serviceRequest(JettyHTTPDestination.java:344)
	at org.apache.cxf.transport.http_jetty.JettyHTTPDestination.doService(JettyHTTPDestination.java:310)
	at org.apache.cxf.transport.http_jetty.JettyHTTPHandler.handle(JettyHTTPHandler.java:72)
	at org.eclipse.jetty.server.handler.ContextHandler.doHandle(ContextHandler.java:943)
	at org.eclipse.jetty.server.handler.ContextHandler.doScope(ContextHandler.java:879)
	at org.eclipse.jetty.server.handler.ScopedHandler.handle(ScopedHandler.java:117)
	at org.eclipse.jetty.server.handler.ContextHandlerCollection.handle(ContextHandlerCollection.java:250)
	at org.eclipse.jetty.server.handler.HandlerWrapper.handle(HandlerWrapper.java:110)
	at org.eclipse.jetty.server.Server.handle(Server.java:349)
	at org.eclipse.jetty.server.HttpConnection.handleRequest(HttpConnection.java:441)
	at org.eclipse.jetty.server.HttpConnection$RequestHandler.headerComplete(HttpConnection.java:919)
	at org.eclipse.jetty.http.HttpParser.parseNext(HttpParser.java:582)
	at org.eclipse.jetty.http.HttpParser.parseAvailable(HttpParser.java:218)
	at org.eclipse.jetty.server.AsyncHttpConnection.handle(AsyncHttpConnection.java:51)
	at org.eclipse.jetty.io.nio.SelectChannelEndPoint.handle(SelectChannelEndPoint.java:586)
	at org.eclipse.jetty.io.nio.SelectChannelEndPoint$1.run(SelectChannelEndPoint.java:44)
	at org.eclipse.jetty.util.thread.QueuedThreadPool.runJob(QueuedThreadPool.java:598)
	at org.eclipse.jetty.util.thread.QueuedThreadPool$3.run(QueuedThreadPool.java:533)
	at java.lang.Thread.run(Thread.java:748)
Caused by: java.lang.NullPointerException
	at hms.kite.simulator.sms.SmsMessageReceiver.decodeMessage(SmsMessageReceiver.java:165)
	at hms.kite.simulator.sms.SmsMessageReceiver.onMessage(SmsMessageReceiver.java:46)
	at hms.kite.simulator.rest.SmsNcsRestService.sendService(SmsNcsRestService.java:36)
	at sun.reflect.NativeMethodAccessorImpl.invoke0(Native Method)
	at sun.reflect.NativeMethodAccessorImpl.invoke(NativeMethodAccessorImpl.java:62)
	at sun.reflect.DelegatingMethodAccessorImpl.invoke(DelegatingMethodAccessorImpl.java:43)
	at java.lang.reflect.Method.invoke(Method.java:498)
	at org.apache.cxf.service.invoker.AbstractInvoker.performInvocation(AbstractInvoker.java:180)
	at org.apache.cxf.service.invoker.AbstractInvoker.invoke(AbstractInvoker.java:96)
	... 25 more
25 Jul 2019 19:12:34,044 INFO  [][qtp1582108382-41] AtRequestSender - Sending Request [{sourceAddress=tel:94771122336, requestId=1564062154044, deliveryStatusRequest=null, encoding=0, applicationId=APP_000001, message=aabbbb, version=1.0}] 
25 Jul 2019 19:12:34,056 INFO  [][qtp551356216-27] SmsNcsRestService - Received SMS message to send to customer[{sourceAddress=tel:94771122336, requestId=1564062154044, encoding=0, applicationId=APP_000001, message=aabbbb, version=1.0}], sent response back to application[{destinationResponses=[{timeStamp=20190725191234, address=null, requestId=1564062154056, statusDetail=Invalid MSISDN Error, statusCode=E1325}], requestId=1564062154056, statusDetail=Invalid MSISDN Error, version=1.0, statusCode=E1325}]
25 Jul 2019 19:12:34,097 INFO  [][qtp1582108382-41] AtRequestSender - Message Successfully sent
25 Jul 2019 19:12:34,097 INFO  [][qtp1582108382-41] TabViewSmsImpl - SMS sending status : SUCCESS.......
25 Jul 2019 19:13:57,036 INFO  [][qtp1582108382-39] AtRequestSender - Sending Request [{sourceAddress=tel:94712480426, requestId=1564062237036, deliveryStatusRequest=null, encoding=0, applicationId=APP_000001, message=aabbbbcc, version=1.0}] 
25 Jul 2019 19:13:57,043 INFO  [][qtp551356216-22] SmsNcsRestService - Received SMS message to send to customer[{sourceAddress=tel:94712480426, requestId=1564062237036, encoding=0, applicationId=APP_000001, message=aabbbbcc, version=1.0}], sent response back to application[{destinationResponses=[{timeStamp=20190725191357, address=null, requestId=1564062237043, statusDetail=Invalid MSISDN Error, statusCode=E1325}], requestId=1564062237043, statusDetail=Invalid MSISDN Error, version=1.0, statusCode=E1325}]
25 Jul 2019 19:13:57,045 INFO  [][qtp1582108382-39] AtRequestSender - Message Successfully sent
25 Jul 2019 19:13:57,045 INFO  [][qtp1582108382-39] TabViewSmsImpl - SMS sending status : SUCCESS.......
25 Jul 2019 19:14:28,228 INFO  [][qtp1582108382-42] AtRequestSender - Sending Request [{sourceAddress=tel:9471248042600, requestId=1564062268228, deliveryStatusRequest=null, encoding=0, applicationId=APP_000001, message=aabbbbcc, version=1.0}] 
25 Jul 2019 19:14:28,235 INFO  [][qtp551356216-23] SmsNcsRestService - Received SMS message to send to customer[{sourceAddress=tel:9471248042600, requestId=1564062268228, encoding=0, applicationId=APP_000001, message=aabbbbcc, version=1.0}], sent response back to application[{destinationResponses=[{timeStamp=20190725191428, address=null, requestId=1564062268235, statusDetail=Invalid MSISDN Error, statusCode=E1325}], requestId=1564062268235, statusDetail=Invalid MSISDN Error, version=1.0, statusCode=E1325}]
25 Jul 2019 19:14:28,237 INFO  [][qtp1582108382-42] AtRequestSender - Message Successfully sent
25 Jul 2019 19:14:28,239 INFO  [][qtp1582108382-42] TabViewSmsImpl - SMS sending status : SUCCESS.......
